[2026-03-21 00:12:31] 📄 加载环境变量：/Users/webleon/.openclaw/workspace/skills/daily-stock-analysis-openclaw-skill/.env
[2026-03-21 00:12:31] === Daily Stock Analysis 开始 ===
[2026-03-21 00:12:31] 🔍 检查依赖...
[2026-03-21 00:12:31] ✅ 依赖检查完成
[2026-03-21 00:12:31] 📊 执行大盘复盘 (市场：cn)
[2026-03-21 00:12:31] === 大盘复盘完成 ===
[2026-03-21 10:31:51] 📄 加载环境变量：/Users/webleon/.openclaw/workspace/skills/daily-stock-analysis-openclaw-skill/.env
[2026-03-21 10:31:51] === Daily Stock Analysis 开始 ===
[2026-03-21 10:31:51] 🔍 检查依赖...
[2026-03-21 10:31:51] ✅ 依赖检查完成
[2026-03-21 10:31:51] 📊 执行大盘复盘 (市场：cn)
Traceback (most recent call last):
  File "/Users/webleon/.openclaw/workspace/skills/daily-stock-analysis-openclaw-skill/src/core/market_review.py", line 18, in <module>
    from src.notification import NotificationService
  File "/Users/webleon/.openclaw/workspace/skills/daily-stock-analysis-openclaw-skill/src/notification.py", line 34, in <module>
    from bot.models import BotMessage
  File "/Users/webleon/.openclaw/workspace/skills/daily-stock-analysis-openclaw-skill/bot/__init__.py", line 35, in <module>
    from bot.dispatcher import CommandDispatcher, get_dispatcher
  File "/Users/webleon/.openclaw/workspace/skills/daily-stock-analysis-openclaw-skill/bot/dispatcher.py", line 16, in <module>
    from bot.commands.base import BotCommand
  File "/Users/webleon/.openclaw/workspace/skills/daily-stock-analysis-openclaw-skill/bot/commands/__init__.py", line 13, in <module>
    from bot.commands.analyze import AnalyzeCommand
  File "/Users/webleon/.openclaw/workspace/skills/daily-stock-analysis-openclaw-skill/bot/commands/analyze.py", line 16, in <module>
    from data_provider.base import canonical_stock_code
  File "/Users/webleon/.openclaw/workspace/skills/daily-stock-analysis-openclaw-skill/data_provider/__init__.py", line 34, in <module>
    from .akshare_fetcher import AkshareFetcher, is_hk_stock_code
ImportError: cannot import name 'is_hk_stock_code' from 'data_provider.akshare_fetcher' (/Users/webleon/.openclaw/workspace/skills/daily-stock-analysis-openclaw-skill/data_provider/akshare_fetcher.py)
[2026-03-21 10:31:51] === 大盘复盘完成 ===
[2026-03-21 10:33:42] 📄 加载环境变量：/Users/webleon/.openclaw/workspace/skills/daily-stock-analysis-openclaw-skill/.env
[2026-03-21 10:33:42] === Daily Stock Analysis 开始 ===
[2026-03-21 10:33:42] 🔍 检查依赖...
[2026-03-21 10:33:42] ✅ 依赖检查完成
[2026-03-21 10:33:42] 📊 执行大盘复盘 (市场：cn)
[2026-03-21 10:33:42] === 大盘复盘完成 ===
[2026-03-21 17:18:24] 📄 加载环境变量：/Users/webleon/.openclaw/workspace/skills/daily-stock-analysis-openclaw-skill/.env
[2026-03-21 17:18:24] === Daily Stock Analysis 开始 ===
[2026-03-21 17:18:24] 🔍 检查依赖...
[2026-03-21 17:18:24] ✅ 依赖检查完成
[2026-03-21 17:18:24] 📊 执行大盘复盘 (市场：cn)
[2026-03-21 17:18:24] === 大盘复盘完成 ===
